C:\Users\vlade\Desktop\0802.Р.22-4\0802.Р.22-АС.4\0802.Р.22-АС.4.dwg,титульник,26.09.2022 16:24:11,vlade,_DWG To PDF.pc3,ISO без полей A4 (210.00 x 297.00 мм),1:1,
C:\Users\vlade\Desktop\0802.Р.22-4\0802.Р.22-АС.4\0802.Р.22-АС.4.dwg,общие данные,26.09.2022 16:24:13,vlade,_DWG To PDF.pc3,ISO без полей A3 (420.00 x 297.00 мм),1:1,
C:\Users\vlade\Desktop\0802.Р.22-4\0802.Р.22-АС.4\0802.Р.22-АС.4.dwg,ТК-8018,26.09.2022 16:24:18,vlade,_DWG To PDF.pc3,ISO без полей A2 (594.00 x 420.00 мм),1:1,
C:\Users\vlade\Desktop\0802.Р.22-4\0802.Р.22-АС.4\0802.Р.22-АС.4.dwg,БЛОКИ ПО ОСЯМ,26.09.2022 16:24:23,vlade,_DWG To PDF.pc3,ISO без полей A3 (420.00 x 297.00 мм),1:1,
C:\Users\vlade\Desktop\0802.Р.22-4\0802.Р.22-АС.4\0802.Р.22-АС.4.dwg,лесница,26.09.2022 16:24:28,vlade,_DWG To PDF.pc3,ISO без полей A3 (420.00 x 297.00 мм),1:1,
C:\Users\vlade\Desktop\0802.Р.22-4\0802.Р.22-АС.4\0802.Р.22-АС.4.dwg,неподвижная опора,26.09.2022 16:24:33,vlade,_DWG To PDF.pc3,ISO без полей A3 (420.00 x 297.00 мм),1:1,
C:\Users\vlade\Desktop\0802.Р.22-4\0802.Р.22-АС.4\0802.Р.22-АС.4.dwg,Ковер №1. №2,26.09.2022 16:24:38,vlade,_DWG To PDF.pc3,ISO без полей A3 (420.00 x 297.00 мм),1:1,
C:\Users\vlade\Desktop\0802.Р.22-4\0802.Р.22-АС.4\0802.Р.22-АС.4.dwg,Колодец №1,26.09.2022 16:24:43,vlade,_DWG To PDF.pc3,ISO без полей A2 (594.00 x 420.00 мм),1:1,
C:\Users\vlade\Desktop\0802.Р.22-4\0802.Р.22-АС.4\0802.Р.22-АС.4.dwg,опоры,26.09.2022 16:24:48,vlade,_DWG To PDF.pc3,ISO без полей A2 (594.00 x 420.00 мм),1:1,
C:\Users\vlade\Desktop\0802.Р.22-4\0802.Р.22-АС.4\0802.Р.22-АС.4.dwg,плиты и лотки,26.09.2022 16:24:53,vlade,_DWG To PDF.pc3,ISO без полей A2 (594.00 x 420.00 мм),1:1,
C:\Users\vlade\Desktop\0802.Р.22-4\0802.Р.22-АС.4\0802.Р.22-АС.4.dwg,№1,26.09.2022 16:24:58,vlade,_DWG To PDF.pc3,ISO без полей A3 (420.00 x 297.00 мм),1:1,
C:\Users\vlade\Desktop\0802.Р.22-4\0802.Р.22-АС.4\0802.Р.22-АС.4.dwg,№2,26.09.2022 16:25:03,vlade,_DWG To PDF.pc3,ISO без полей A3 (420.00 x 297.00 мм),1:1,
C:\Users\vlade\Desktop\0802.Р.22-4\0802.Р.22-АС.4\0802.Р.22-АС.4.dwg,№3,26.09.2022 16:25:08,vlade,_DWG To PDF.pc3,ISO без полей A3 (420.00 x 297.00 мм),1:1,
C:\Users\vlade\Desktop\0802.Р.22-4\0802.Р.22-АС.4\0802.Р.22-АС.4.dwg,№4,26.09.2022 16:25:13,vlade,_DWG To PDF.pc3,ISO без полей A3 (420.00 x 297.00 мм),1:1,
C:\Users\vlade\Desktop\0802.Р.22-4\0802.Р.22-ТС.4\0802.Р.22-ТС.4 восстановленый №2.dwg,Титульник,26.09.2022 16:32:59,vlade,_DWG To PDF.pc3,ISO без полей A4 (210.00 x 297.00 мм),1:1,
C:\Users\vlade\Desktop\0802.Р.22-4\0802.Р.22-ТС.4\0802.Р.22-ТС.4 восстановленый №2.dwg,общие данные,26.09.2022 16:33:02,vlade,_DWG To PDF.pc3,ISO без полей A2 (594.00 x 420.00 мм),1:1,
C:\Users\vlade\Desktop\0802.Р.22-4\0802.Р.22-ТС.4\0802.Р.22-ТС.4 восстановленый №2.dwg,план,26.09.2022 16:33:07,vlade,_DWG To PDF.pc3,ISO без полей A2 (594.00 x 420.00 мм),1:1,
C:\Users\vlade\Desktop\0802.Р.22-4\0802.Р.22-ТС.4\0802.Р.22-ТС.4 восстановленый №2.dwg,схема,26.09.2022 16:33:12,vlade,_DWG To PDF.pc3,ISO без полей A2 (594.00 x 420.00 мм),1:1,
C:\Users\vlade\Desktop\0802.Р.22-4\0802.Р.22-ТС.4\0802.Р.22-ТС.4 восстановленый №2.dwg,профиль,26.09.2022 16:33:17,vlade,_DWG To PDF.pc3,ISO без полей A2 (594.00 x 420.00 мм),1:1,
C:\Users\vlade\Desktop\0802.Р.22-4\0802.Р.22-ТС.4\тк-8018.dwg,Лист1,26.09.2022 16:33:26,vlade,_DWG To PDF.pc3,ISO без полей A2 (594.00 x 420.00 мм),1:1,
C:\Users\vlade\Desktop\0802.Р.22-4\0802.Р.22-ТС.4\0802.Р.22-ТС.4 восстановленый №2.dwg,ковер №1,26.09.2022 16:33:29,vlade,_DWG To PDF.pc3,ISO без полей A2 (594.00 x 420.00 мм),1:1,
C:\Users\vlade\Desktop\0802.Р.22-4\0802.Р.22-ТС.4\0802.Р.22-ТС.4 восстановленый №2.dwg,компенсатор,26.09.2022 16:33:32,vlade,_DWG To PDF.pc3,ISO без полей A3 (420.00 x 297.00 мм),1:1,
C:\Users\vlade\Desktop\0802.Р.22-4\0802.Р.22-ТС.4\0802.Р.22-ТС.4 восстановленый №2.dwg,маты,26.09.2022 16:33:37,vlade,_DWG To PDF.pc3,ISO без полей A3 (420.00 x 297.00 мм),1:1,
C:\Users\vlade\Desktop\0802.Р.22-4\0802.Р.22-ТС.4\0802.Р.22-ТС.4 восстановленый №2.dwg,№1,26.09.2022 16:33:42,vlade,_DWG To PDF.pc3,ISO без полей A3 (420.00 x 297.00 мм),1:1,
C:\Users\vlade\Desktop\0802.Р.22-4\0802.Р.22-ТС.4\0802.Р.22-ТС.4 восстановленый №2.dwg,№2,26.09.2022 16:33:47,vlade,_DWG To PDF.pc3,ISO без полей A3 (420.00 x 297.00 мм),1:1,
C:\Users\vlade\Desktop\0802.Р.22-4\0802.Р.22-ТС.4\0802.Р.22-ТС.4 восстановленый №2.dwg,А3,26.09.2022 16:33:52,vlade,_DWG To PDF.pc3,ISO без полей A3 (420.00 x 297.00 мм),1:1,
C:\Users\vlade\Desktop\0802.Р.22-4\0802.Р.22-ТС.4\0802.Р.22-ТС.4 восстановленый №2.dwg,№4,26.09.2022 16:33:57,vlade,_DWG To PDF.pc3,ISO без полей A3 (420.00 x 297.00 мм),1:1,
C:\Users\vlade\Desktop\0802.Р.22-4\0802.Р.22-СОДК.4\0802.Р.22-СОДК.4.dwg,Титульник,26.09.2022 16:45:38,vlade,_DWG To PDF.pc3,ISO без полей A4 (210.00 x 297.00 мм),1:1,
C:\Users\vlade\Desktop\0802.Р.22-4\0802.Р.22-СОДК.4\0802.Р.22-СОДК.4.dwg,общие данные 1,26.09.2022 16:45:41,vlade,_DWG To PDF.pc3,ISO без полей A3 (420.00 x 297.00 мм),1:1,
C:\Users\vlade\Desktop\0802.Р.22-4\0802.Р.22-СОДК.4\0802.Р.22-СОДК.4.dwg,общие данные 2,26.09.2022 16:45:47,vlade,_DWG To PDF.pc3,ISO без полей A3 (420.00 x 297.00 мм),1:1,
C:\Users\vlade\Desktop\0802.Р.22-4\0802.Р.22-СОДК.4\0802.Р.22-СОДК.4.dwg,порядок установки кнс,26.09.2022 16:45:51,vlade,_DWG To PDF.pc3,ISO без полей A3 (420.00 x 297.00 мм),1:1,
C:\Users\vlade\Desktop\0802.Р.22-4\0802.Р.22-СОДК.4\0802.Р.22-СОДК.4.dwg,схема,26.09.2022 16:45:56,vlade,_DWG To PDF.pc3,ISO без полей A2 (594.00 x 420.00 мм),1:1,
C:\Users\vlade\Desktop\0802.Р.22-4\0802.Р.22-СОДК.4\0802.Р.22-СОДК.4.dwg,Расчеты,26.09.2022 16:46:01,vlade,_DWG To PDF.pc3,ISO без полей A3 (420.00 x 297.00 мм),1:1,
C:\Users\vlade\Desktop\0802.Р.22-4\0802.Р.22-СОДК.4\0802.Р.22-СОДК.4.dwg,кнз 1,26.09.2022 16:46:06,vlade,_DWG To PDF.pc3,ISO без полей A3 (420.00 x 297.00 мм),1:1,
C:\Users\vlade\Desktop\0802.Р.22-4\0802.Р.22-СОДК.4\0802.Р.22-СОДК.4.dwg,кнз 2,26.09.2022 16:46:11,vlade,_DWG To PDF.pc3,ISO без полей A3 (420.00 x 297.00 мм),1:1,
C:\Users\vlade\Desktop\0802.Р.22-4\0802.Р.22-СОДК.4\0802.Р.22-СОДК.4.dwg,специфик,26.09.2022 16:46:16,vlade,_DWG To PDF.pc3,ISO без полей A3 (420.00 x 297.00 мм),1:1,
