C:\Users\79080\Desktop\Рыбинск\Рабочка\0802.Р.22-ТС.dwg,Титульник,26.08.2022 14:55:11,79080,_AutoCAD PDF (General Documentation).pc3,ISO без полей A4 (210.00 x 297.00 мм),1:1,
C:\Users\79080\Desktop\Рыбинск\Рабочка\0802.Р.22-ТС.dwg,общие данные,26.08.2022 14:55:16,79080,_AutoCAD PDF (General Documentation).pc3,ISO без полей A2 (594.00 x 420.00 мм),1:1,
C:\Users\79080\Desktop\Рыбинск\Рабочка\0802.Р.22-ТС.dwg,план,26.08.2022 14:55:22,79080,_AutoCAD PDF (General Documentation).pc3,ISO без полей A2 (594.00 x 420.00 мм),1:1,
C:\Users\79080\Desktop\Рыбинск\Рабочка\0802.Р.22-ТС.dwg,профиль,26.08.2022 14:55:32,79080,_AutoCAD PDF (General Documentation).pc3,Прежний размер листа (891.00 x 420.00 мм),1:1,
C:\Users\79080\Desktop\Рыбинск\Рабочка\ТК-8013.dwg,Layout1,26.08.2022 14:55:47,79080,_AutoCAD PDF (General Documentation).pc3,ISO без полей A2 (594.00 x 420.00 мм),1:1,
C:\Users\79080\Desktop\Рыбинск\Рабочка\0802.Р.22-ТС.dwg,ковер №1,26.08.2022 14:56:02,79080,_AutoCAD PDF (General Documentation).pc3,ISO без полей A2 (594.00 x 420.00 мм),1:1,
C:\Users\79080\Desktop\Рыбинск\Рабочка\0802.Р.22-ТС.dwg,маты,26.08.2022 14:56:06,79080,_AutoCAD PDF (General Documentation).pc3,ISO без полей A3 (420.00 x 297.00 мм),1:1,
C:\Users\79080\Desktop\Рыбинск\Рабочка\0802.Р.22-ТС.dwg,№1,26.08.2022 14:56:12,79080,_AutoCAD PDF (General Documentation).pc3,ISO без полей A3 (420.00 x 297.00 мм),1:1,
C:\Users\79080\Desktop\Рыбинск\Рабочка\0802.Р.22-ТС.dwg,№2,26.08.2022 14:56:17,79080,_AutoCAD PDF (General Documentation).pc3,ISO без полей A3 (420.00 x 297.00 мм),1:1,
C:\Users\79080\Desktop\Рыбинск\Рабочка\0802.Р.22-ТС.dwg,А3,26.08.2022 14:56:21,79080,_AutoCAD PDF (General Documentation).pc3,ISO без полей A3 (420.00 x 297.00 мм),1:1,
C:\Users\79080\Desktop\Рыбинск\Рабочка\0802.Р.22-ТС.dwg,Титульник,26.08.2022 15:09:30,79080,_AutoCAD PDF (General Documentation).pc3,ISO без полей A4 (210.00 x 297.00 мм),1:1,
C:\Users\79080\Desktop\Рыбинск\Рабочка\0802.Р.22-ТС.dwg,общие данные,26.08.2022 15:09:36,79080,_AutoCAD PDF (General Documentation).pc3,ISO без полей A2 (594.00 x 420.00 мм),1:1,
C:\Users\79080\Desktop\Рыбинск\Рабочка\0802.Р.22-ТС.dwg,план,26.08.2022 15:09:47,79080,_AutoCAD PDF (General Documentation).pc3,ISO без полей A2 (594.00 x 420.00 мм),1:1,
C:\Users\79080\Desktop\Рыбинск\Рабочка\0802.Р.22-ТС.dwg,профиль,26.08.2022 15:09:52,79080,_AutoCAD PDF (General Documentation).pc3,Прежний размер листа (891.00 x 420.00 мм),1:1,
C:\Users\79080\Desktop\Рыбинск\Рабочка\ТК-8013.dwg,Layout1,26.08.2022 15:10:01,79080,_AutoCAD PDF (General Documentation).pc3,ISO без полей A2 (594.00 x 420.00 мм),1:1,
C:\Users\79080\Desktop\Рыбинск\Рабочка\0802.Р.22-ТС.dwg,ковер №1,26.08.2022 15:10:15,79080,_AutoCAD PDF (General Documentation).pc3,ISO без полей A2 (594.00 x 420.00 мм),1:1,
C:\Users\79080\Desktop\Рыбинск\Рабочка\0802.Р.22-ТС.dwg,маты,26.08.2022 15:10:17,79080,_AutoCAD PDF (General Documentation).pc3,ISO без полей A3 (420.00 x 297.00 мм),1:1,
C:\Users\79080\Desktop\Рыбинск\Рабочка\0802.Р.22-ТС.dwg,№1,26.08.2022 15:10:22,79080,_AutoCAD PDF (General Documentation).pc3,ISO без полей A3 (420.00 x 297.00 мм),1:1,
C:\Users\79080\Desktop\Рыбинск\Рабочка\0802.Р.22-ТС.dwg,№2,26.08.2022 15:10:27,79080,_AutoCAD PDF (General Documentation).pc3,ISO без полей A3 (420.00 x 297.00 мм),1:1,
C:\Users\79080\Desktop\Рыбинск\Рабочка\0802.Р.22-ТС.dwg,А3,26.08.2022 15:10:38,79080,_AutoCAD PDF (General Documentation).pc3,ISO без полей A3 (420.00 x 297.00 мм),1:1,
