C:\Users\79080\Desktop\Рыбинск\Рабочка\0802.Р.22-ТС.dwg,Титульник,26.08.2022 14:55:11,79080,_AutoCAD PDF (General Documentation).pc3,ISO без полей A4 (210.00 x 297.00 мм),1:1,
C:\Users\79080\Desktop\Рыбинск\Рабочка\0802.Р.22-ТС.dwg,общие данные,26.08.2022 14:55:16,79080,_AutoCAD PDF (General Documentation).pc3,ISO без полей A2 (594.00 x 420.00 мм),1:1,
C:\Users\79080\Desktop\Рыбинск\Рабочка\0802.Р.22-ТС.dwg,план,26.08.2022 14:55:22,79080,_AutoCAD PDF (General Documentation).pc3,ISO без полей A2 (594.00 x 420.00 мм),1:1,
C:\Users\79080\Desktop\Рыбинск\Рабочка\0802.Р.22-ТС.dwg,профиль,26.08.2022 14:55:32,79080,_AutoCAD PDF (General Documentation).pc3,Прежний размер листа (891.00 x 420.00 мм),1:1,
C:\Users\79080\Desktop\Рыбинск\Рабочка\ТК-8013.dwg,Layout1,26.08.2022 14:55:47,79080,_AutoCAD PDF (General Documentation).pc3,ISO без полей A2 (594.00 x 420.00 мм),1:1,
C:\Users\79080\Desktop\Рыбинск\Рабочка\0802.Р.22-ТС.dwg,ковер №1,26.08.2022 14:56:02,79080,_AutoCAD PDF (General Documentation).pc3,ISO без полей A2 (594.00 x 420.00 мм),1:1,
C:\Users\79080\Desktop\Рыбинск\Рабочка\0802.Р.22-ТС.dwg,маты,26.08.2022 14:56:06,79080,_AutoCAD PDF (General Documentation).pc3,ISO без полей A3 (420.00 x 297.00 мм),1:1,
C:\Users\79080\Desktop\Рыбинск\Рабочка\0802.Р.22-ТС.dwg,№1,26.08.2022 14:56:12,79080,_AutoCAD PDF (General Documentation).pc3,ISO без полей A3 (420.00 x 297.00 мм),1:1,
C:\Users\79080\Desktop\Рыбинск\Рабочка\0802.Р.22-ТС.dwg,№2,26.08.2022 14:56:17,79080,_AutoCAD PDF (General Documentation).pc3,ISO без полей A3 (420.00 x 297.00 мм),1:1,
C:\Users\79080\Desktop\Рыбинск\Рабочка\0802.Р.22-ТС.dwg,А3,26.08.2022 14:56:21,79080,_AutoCAD PDF (General Documentation).pc3,ISO без полей A3 (420.00 x 297.00 мм),1:1,
C:\Users\79080\Desktop\Рыбинск\Рабочка\0802.Р.22-ТС.dwg,Титульник,26.08.2022 15:09:30,79080,_AutoCAD PDF (General Documentation).pc3,ISO без полей A4 (210.00 x 297.00 мм),1:1,
C:\Users\79080\Desktop\Рыбинск\Рабочка\0802.Р.22-ТС.dwg,общие данные,26.08.2022 15:09:36,79080,_AutoCAD PDF (General Documentation).pc3,ISO без полей A2 (594.00 x 420.00 мм),1:1,
C:\Users\79080\Desktop\Рыбинск\Рабочка\0802.Р.22-ТС.dwg,план,26.08.2022 15:09:47,79080,_AutoCAD PDF (General Documentation).pc3,ISO без полей A2 (594.00 x 420.00 мм),1:1,
C:\Users\79080\Desktop\Рыбинск\Рабочка\0802.Р.22-ТС.dwg,профиль,26.08.2022 15:09:52,79080,_AutoCAD PDF (General Documentation).pc3,Прежний размер листа (891.00 x 420.00 мм),1:1,
C:\Users\79080\Desktop\Рыбинск\Рабочка\ТК-8013.dwg,Layout1,26.08.2022 15:10:01,79080,_AutoCAD PDF (General Documentation).pc3,ISO без полей A2 (594.00 x 420.00 мм),1:1,
C:\Users\79080\Desktop\Рыбинск\Рабочка\0802.Р.22-ТС.dwg,ковер №1,26.08.2022 15:10:15,79080,_AutoCAD PDF (General Documentation).pc3,ISO без полей A2 (594.00 x 420.00 мм),1:1,
C:\Users\79080\Desktop\Рыбинск\Рабочка\0802.Р.22-ТС.dwg,маты,26.08.2022 15:10:17,79080,_AutoCAD PDF (General Documentation).pc3,ISO без полей A3 (420.00 x 297.00 мм),1:1,
C:\Users\79080\Desktop\Рыбинск\Рабочка\0802.Р.22-ТС.dwg,№1,26.08.2022 15:10:22,79080,_AutoCAD PDF (General Documentation).pc3,ISO без полей A3 (420.00 x 297.00 мм),1:1,
C:\Users\79080\Desktop\Рыбинск\Рабочка\0802.Р.22-ТС.dwg,№2,26.08.2022 15:10:27,79080,_AutoCAD PDF (General Documentation).pc3,ISO без полей A3 (420.00 x 297.00 мм),1:1,
C:\Users\79080\Desktop\Рыбинск\Рабочка\0802.Р.22-ТС.dwg,А3,26.08.2022 15:10:38,79080,_AutoCAD PDF (General Documentation).pc3,ISO без полей A3 (420.00 x 297.00 мм),1:1,
C:\Users\79080\Desktop\Рыбинск\Рабочка ( с использованием ИЗОПРОФЛЕКС)\0802.Р.22-4\0802.Р.22-ТС.4\0802.Р.22-ТС.4 восстановленый №2.dwg,А4,07.09.2022 9:52:29,79080,DWG To PDF.pc3,ISO без полей A4 (210.00 x 297.00 мм),1:1,
C:\Users\79080\Desktop\0802.Р.22-4\0802.Р.22-ТС.4\тк-8018.dwg,Лист1,02.12.2022 12:54:32,79080,DWG To PDF.pc3,ISO без полей A1 (841.00 x 594.00 мм),1:1,
C:\Users\79080\Desktop\0802.Р.22-4\0802.Р.22-ТС.4\тк-8018.dwg,Лист1,02.12.2022 13:37:08,79080,DWG To PDF.pc3,ISO без полей A1 (841.00 x 594.00 мм),1:1,
C:\Users\79080\Desktop\тк-8018.dwg,Лист1,02.12.2022 16:27:22,79080,DWG To PDF.pc3,ISO без полей A1 (841.00 x 594.00 мм),1:1,
C:\Users\feden\OneDrive\Рабочий стол\0802.Р.22-4\0802.Р.22-ТС.4. изм. 11.01.23\0802.Р.22-ТС.4 восстановленый №2.dwg,Титульник,11.01.2023 16:21:44,feden,_AutoCAD PDF (General Documentation).pc3,ISO без полей A4 (210.00 x 297.00 мм),1:1,
C:\Users\feden\OneDrive\Рабочий стол\0802.Р.22-4\0802.Р.22-ТС.4. изм. 11.01.23\0802.Р.22-ТС.4 восстановленый №2.dwg,общие данные,11.01.2023 16:21:47,feden,_AutoCAD PDF (General Documentation).pc3,ISO без полей A2 (594.00 x 420.00 мм),1:1,
C:\Users\feden\OneDrive\Рабочий стол\0802.Р.22-4\0802.Р.22-ТС.4. изм. 11.01.23\0802.Р.22-ТС.4 восстановленый №2.dwg,план,11.01.2023 16:21:53,feden,_AutoCAD PDF (General Documentation).pc3,ISO без полей A2 (594.00 x 420.00 мм),1:1,
C:\Users\feden\OneDrive\Рабочий стол\0802.Р.22-4\0802.Р.22-ТС.4. изм. 11.01.23\0802.Р.22-ТС.4 восстановленый №2.dwg,схема,11.01.2023 16:21:57,feden,_AutoCAD PDF (General Documentation).pc3,ISO без полей A2 (594.00 x 420.00 мм),1:1,
C:\Users\feden\OneDrive\Рабочий стол\0802.Р.22-4\0802.Р.22-ТС.4. изм. 11.01.23\0802.Р.22-ТС.4 восстановленый №2.dwg,профиль,11.01.2023 16:22:02,feden,_AutoCAD PDF (General Documentation).pc3,ISO без полей A2 (594.00 x 420.00 мм),1:1,
C:\Users\feden\OneDrive\Рабочий стол\0802.Р.22-4\0802.Р.22-ТС.4. изм. 11.01.23\тк-8018 (последний вариант.dwg,Лист1,11.01.2023 16:22:09,feden,_AutoCAD PDF (General Documentation).pc3,ISO без полей A1 (841.00 x 594.00 мм),1:1,
C:\Users\feden\OneDrive\Рабочий стол\0802.Р.22-4\0802.Р.22-ТС.4. изм. 11.01.23\0802.Р.22-ТС.4 восстановленый №2.dwg,ковер №1,11.01.2023 16:22:14,feden,_AutoCAD PDF (General Documentation).pc3,ISO без полей A2 (594.00 x 420.00 мм),1:1,
C:\Users\feden\OneDrive\Рабочий стол\0802.Р.22-4\0802.Р.22-ТС.4. изм. 11.01.23\0802.Р.22-ТС.4 восстановленый №2.dwg,компенсатор,11.01.2023 16:22:17,feden,_AutoCAD PDF (General Documentation).pc3,ISO без полей A3 (420.00 x 297.00 мм),1:1,
C:\Users\feden\OneDrive\Рабочий стол\0802.Р.22-4\0802.Р.22-ТС.4. изм. 11.01.23\0802.Р.22-ТС.4 восстановленый №2.dwg,маты,11.01.2023 16:22:22,feden,_AutoCAD PDF (General Documentation).pc3,ISO без полей A3 (420.00 x 297.00 мм),1:1,
C:\Users\feden\OneDrive\Рабочий стол\0802.Р.22-4\0802.Р.22-ТС.4. изм. 11.01.23\0802.Р.22-ТС.4 восстановленый №2.dwg,№1,11.01.2023 16:22:27,feden,_AutoCAD PDF (General Documentation).pc3,ISO без полей A3 (420.00 x 297.00 мм),1:1,
C:\Users\feden\OneDrive\Рабочий стол\0802.Р.22-4\0802.Р.22-ТС.4. изм. 11.01.23\0802.Р.22-ТС.4 восстановленый №2.dwg,№2,11.01.2023 16:22:32,feden,_AutoCAD PDF (General Documentation).pc3,ISO без полей A3 (420.00 x 297.00 мм),1:1,
C:\Users\feden\OneDrive\Рабочий стол\0802.Р.22-4\0802.Р.22-ТС.4. изм. 11.01.23\0802.Р.22-ТС.4 восстановленый №2.dwg,А3,11.01.2023 16:22:37,feden,_AutoCAD PDF (General Documentation).pc3,ISO без полей A3 (420.00 x 297.00 мм),1:1,
C:\Users\feden\OneDrive\Рабочий стол\0802.Р.22-4\0802.Р.22-ТС.4. изм. 11.01.23\0802.Р.22-ТС.4 восстановленый №2.dwg,№4,11.01.2023 16:22:42,feden,_AutoCAD PDF (General Documentation).pc3,ISO без полей A3 (420.00 x 297.00 мм),1:1,
C:\Users\feden\OneDrive\Рабочий стол\0802.Р.22-4\0802.Р.22-АС.4. изм.11.01.23\0802.Р.22-АС.4.dwg,титульник,12.01.2023 12:56:08,feden,_AutoCAD PDF (General Documentation).pc3,ISO без полей A4 (210.00 x 297.00 мм),1:1,
C:\Users\feden\OneDrive\Рабочий стол\0802.Р.22-4\0802.Р.22-АС.4. изм.11.01.23\0802.Р.22-АС.4.dwg,Общие данные,12.01.2023 12:56:11,feden,_AutoCAD PDF (General Documentation).pc3,ISO без полей A3 (420.00 x 297.00 мм),1:1,
C:\Users\feden\OneDrive\Рабочий стол\0802.Р.22-4\0802.Р.22-АС.4. изм.11.01.23\0802.Р.22-АС.4.dwg,ТК-8018,12.01.2023 12:56:16,feden,_AutoCAD PDF (General Documentation).pc3,ISO без полей A2 (594.00 x 420.00 мм),1:1,
C:\Users\feden\OneDrive\Рабочий стол\0802.Р.22-4\0802.Р.22-АС.4. изм.11.01.23\0802.Р.22-АС.4.dwg,Схема,12.01.2023 12:56:21,feden,_AutoCAD PDF (General Documentation).pc3,ISO без полей A3 (420.00 x 297.00 мм),1:1,
C:\Users\feden\OneDrive\Рабочий стол\0802.Р.22-4\0802.Р.22-АС.4. изм.11.01.23\0802.Р.22-АС.4.dwg,Лестница,12.01.2023 12:56:26,feden,_AutoCAD PDF (General Documentation).pc3,ISO без полей A3 (420.00 x 297.00 мм),1:1,
C:\Users\feden\OneDrive\Рабочий стол\0802.Р.22-4\0802.Р.22-АС.4. изм.11.01.23\0802.Р.22-АС.4.dwg,Н1,12.01.2023 12:56:31,feden,_AutoCAD PDF (General Documentation).pc3,ISO без полей A3 (420.00 x 297.00 мм),1:1,
C:\Users\feden\OneDrive\Рабочий стол\0802.Р.22-4\0802.Р.22-АС.4. изм.11.01.23\0802.Р.22-АС.4.dwg,Ковер №1,12.01.2023 12:56:36,feden,_AutoCAD PDF (General Documentation).pc3,ISO без полей A3 (420.00 x 297.00 мм),1:1,
C:\Users\feden\OneDrive\Рабочий стол\0802.Р.22-4\0802.Р.22-АС.4. изм.11.01.23\0802.Р.22-АС.4.dwg,Кол. дренаж. №1,12.01.2023 12:56:41,feden,_AutoCAD PDF (General Documentation).pc3,ISO без полей A2 (594.00 x 420.00 мм),1:1,
C:\Users\feden\OneDrive\Рабочий стол\0802.Р.22-4\0802.Р.22-АС.4. изм.11.01.23\0802.Р.22-АС.4.dwg,Опоры ТК-8018,12.01.2023 12:56:46,feden,_AutoCAD PDF (General Documentation).pc3,ISO без полей A2 (594.00 x 420.00 мм),1:1,
C:\Users\feden\OneDrive\Рабочий стол\0802.Р.22-4\0802.Р.22-АС.4. изм.11.01.23\0802.Р.22-АС.4.dwg,П,12.01.2023 12:56:51,feden,_AutoCAD PDF (General Documentation).pc3,ISO без полей A2 (594.00 x 420.00 мм),1:1,
C:\Users\feden\OneDrive\Рабочий стол\0802.Р.22-4\0802.Р.22-АС.4. изм.11.01.23\0802.Р.22-АС.4.dwg,№1,12.01.2023 12:56:57,feden,_AutoCAD PDF (General Documentation).pc3,ISO без полей A3 (420.00 x 297.00 мм),1:1,
C:\Users\feden\OneDrive\Рабочий стол\0802.Р.22-4\0802.Р.22-АС.4. изм.11.01.23\0802.Р.22-АС.4.dwg,№2,12.01.2023 12:57:02,feden,_AutoCAD PDF (General Documentation).pc3,ISO без полей A3 (420.00 x 297.00 мм),1:1,
C:\Users\feden\OneDrive\Рабочий стол\0802.Р.22-4\0802.Р.22-АС.4. изм.11.01.23\0802.Р.22-АС.4.dwg,№3,12.01.2023 12:57:07,feden,_AutoCAD PDF (General Documentation).pc3,ISO без полей A3 (420.00 x 297.00 мм),1:1,
C:\Users\feden\OneDrive\Рабочий стол\0802.Р.22-4\0802.Р.22-АС.4. изм.11.01.23\0802.Р.22-АС.4.dwg,№4,12.01.2023 12:57:12,feden,_AutoCAD PDF (General Documentation).pc3,ISO без полей A3 (420.00 x 297.00 мм),1:1,
C:\Users\feden\OneDrive\Рабочий стол\0802.Р.22-4\ТС\0802.Р.22-ТС.4. изм. 11.01.23\0802.Р.22-ТС.4 восстановленый №2.dwg,Титульник,16.01.2023 15:36:30,feden,_AutoCAD PDF (General Documentation).pc3,ISO без полей A4 (210.00 x 297.00 мм),1:1,
C:\Users\feden\OneDrive\Рабочий стол\0802.Р.22-4\ТС\0802.Р.22-ТС.4. изм. 11.01.23\0802.Р.22-ТС.4 восстановленый №2.dwg,общие данные,16.01.2023 15:36:33,feden,_AutoCAD PDF (General Documentation).pc3,ISO без полей A2 (594.00 x 420.00 мм),1:1,
C:\Users\feden\OneDrive\Рабочий стол\0802.Р.22-4\ТС\0802.Р.22-ТС.4. изм. 11.01.23\0802.Р.22-ТС.4 восстановленый №2.dwg,план,16.01.2023 15:36:38,feden,_AutoCAD PDF (General Documentation).pc3,ISO без полей A2 (594.00 x 420.00 мм),1:1,
C:\Users\feden\OneDrive\Рабочий стол\0802.Р.22-4\ТС\0802.Р.22-ТС.4. изм. 11.01.23\0802.Р.22-ТС.4 восстановленый №2.dwg,схема,16.01.2023 15:36:43,feden,_AutoCAD PDF (General Documentation).pc3,ISO без полей A2 (594.00 x 420.00 мм),1:1,
C:\Users\feden\OneDrive\Рабочий стол\0802.Р.22-4\ТС\0802.Р.22-ТС.4. изм. 11.01.23\0802.Р.22-ТС.4 восстановленый №2.dwg,профиль,16.01.2023 15:36:48,feden,_AutoCAD PDF (General Documentation).pc3,ISO без полей A2 (594.00 x 420.00 мм),1:1,
C:\Users\feden\OneDrive\Рабочий стол\0802.Р.22-4\ТС\0802.Р.22-ТС.4. изм. 11.01.23\тк-8018 (последний вариант.dwg,Лист1,16.01.2023 15:36:54,feden,_AutoCAD PDF (General Documentation).pc3,ISO без полей A1 (841.00 x 594.00 мм),1:1,
C:\Users\feden\OneDrive\Рабочий стол\0802.Р.22-4\ТС\0802.Р.22-ТС.4. изм. 11.01.23\0802.Р.22-ТС.4 восстановленый №2.dwg,ковер №1,16.01.2023 15:36:59,feden,_AutoCAD PDF (General Documentation).pc3,ISO без полей A2 (594.00 x 420.00 мм),1:1,
C:\Users\feden\OneDrive\Рабочий стол\0802.Р.22-4\ТС\0802.Р.22-ТС.4. изм. 11.01.23\0802.Р.22-ТС.4 восстановленый №2.dwg,компенсатор,16.01.2023 15:37:03,feden,_AutoCAD PDF (General Documentation).pc3,ISO без полей A3 (420.00 x 297.00 мм),1:1,
C:\Users\feden\OneDrive\Рабочий стол\0802.Р.22-4\ТС\0802.Р.22-ТС.4. изм. 11.01.23\0802.Р.22-ТС.4 восстановленый №2.dwg,маты,16.01.2023 15:37:08,feden,_AutoCAD PDF (General Documentation).pc3,ISO без полей A3 (420.00 x 297.00 мм),1:1,
C:\Users\feden\OneDrive\Рабочий стол\0802.Р.22-4\ТС\0802.Р.22-ТС.4. изм. 11.01.23\0802.Р.22-ТС.4 восстановленый №2.dwg,№1,16.01.2023 15:37:13,feden,_AutoCAD PDF (General Documentation).pc3,ISO без полей A3 (420.00 x 297.00 мм),1:1,
C:\Users\feden\OneDrive\Рабочий стол\0802.Р.22-4\ТС\0802.Р.22-ТС.4. изм. 11.01.23\0802.Р.22-ТС.4 восстановленый №2.dwg,№2,16.01.2023 15:37:18,feden,_AutoCAD PDF (General Documentation).pc3,ISO без полей A3 (420.00 x 297.00 мм),1:1,
C:\Users\feden\OneDrive\Рабочий стол\0802.Р.22-4\ТС\0802.Р.22-ТС.4. изм. 11.01.23\0802.Р.22-ТС.4 восстановленый №2.dwg,А3,16.01.2023 15:37:23,feden,_AutoCAD PDF (General Documentation).pc3,ISO без полей A3 (420.00 x 297.00 мм),1:1,
C:\Users\feden\OneDrive\Рабочий стол\0802.Р.22-4\ТС\0802.Р.22-ТС.4. изм. 11.01.23\0802.Р.22-ТС.4 восстановленый №2.dwg,№4,16.01.2023 15:37:28,feden,_AutoCAD PDF (General Documentation).pc3,ISO без полей A3 (420.00 x 297.00 мм),1:1,
C:\Users\feden\OneDrive\Рабочий стол\0802.Р.22-4\ТС\0802.Р.22-ТС.4. изм. 16.01.23\0802.Р.22-ТС.4 восстановленый №2.dwg,Титульник,19.01.2023 14:27:58,feden,_AutoCAD PDF (General Documentation).pc3,ISO без полей A4 (210.00 x 297.00 мм),1:1,
C:\Users\feden\OneDrive\Рабочий стол\0802.Р.22-4\ТС\0802.Р.22-ТС.4. изм. 16.01.23\0802.Р.22-ТС.4 восстановленый №2.dwg,общие данные,19.01.2023 14:28:01,feden,_AutoCAD PDF (General Documentation).pc3,ISO без полей A2 (594.00 x 420.00 мм),1:1,
C:\Users\feden\OneDrive\Рабочий стол\0802.Р.22-4\ТС\0802.Р.22-ТС.4. изм. 16.01.23\0802.Р.22-ТС.4 восстановленый №2.dwg,план,19.01.2023 14:28:06,feden,_AutoCAD PDF (General Documentation).pc3,ISO без полей A2 (594.00 x 420.00 мм),1:1,
C:\Users\feden\OneDrive\Рабочий стол\0802.Р.22-4\ТС\0802.Р.22-ТС.4. изм. 16.01.23\0802.Р.22-ТС.4 восстановленый №2.dwg,схема,19.01.2023 14:28:11,feden,_AutoCAD PDF (General Documentation).pc3,ISO без полей A2 (594.00 x 420.00 мм),1:1,
C:\Users\feden\OneDrive\Рабочий стол\0802.Р.22-4\ТС\0802.Р.22-ТС.4. изм. 16.01.23\0802.Р.22-ТС.4 восстановленый №2.dwg,профиль,19.01.2023 14:28:16,feden,_AutoCAD PDF (General Documentation).pc3,ISO без полей A2 (594.00 x 420.00 мм),1:1,
C:\Users\feden\OneDrive\Рабочий стол\0802.Р.22-4\ТС\0802.Р.22-ТС.4. изм. 16.01.23\тк-8018 (последний вариант.dwg,Лист1,19.01.2023 14:28:22,feden,_AutoCAD PDF (General Documentation).pc3,ISO без полей A1 (841.00 x 594.00 мм),1:1,
C:\Users\feden\OneDrive\Рабочий стол\0802.Р.22-4\ТС\0802.Р.22-ТС.4. изм. 16.01.23\0802.Р.22-ТС.4 восстановленый №2.dwg,ковер №1,19.01.2023 14:28:27,feden,_AutoCAD PDF (General Documentation).pc3,ISO без полей A2 (594.00 x 420.00 мм),1:1,
C:\Users\feden\OneDrive\Рабочий стол\0802.Р.22-4\ТС\0802.Р.22-ТС.4. изм. 16.01.23\0802.Р.22-ТС.4 восстановленый №2.dwg,компенсатор,19.01.2023 14:28:31,feden,_AutoCAD PDF (General Documentation).pc3,ISO без полей A3 (420.00 x 297.00 мм),1:1,
C:\Users\feden\OneDrive\Рабочий стол\0802.Р.22-4\ТС\0802.Р.22-ТС.4. изм. 16.01.23\0802.Р.22-ТС.4 восстановленый №2.dwg,маты,19.01.2023 14:28:36,feden,_AutoCAD PDF (General Documentation).pc3,ISO без полей A3 (420.00 x 297.00 мм),1:1,
C:\Users\feden\OneDrive\Рабочий стол\0802.Р.22-4\ТС\0802.Р.22-ТС.4. изм. 16.01.23\0802.Р.22-ТС.4 восстановленый №2.dwg,№1,19.01.2023 14:28:41,feden,_AutoCAD PDF (General Documentation).pc3,ISO без полей A3 (420.00 x 297.00 мм),1:1,
C:\Users\feden\OneDrive\Рабочий стол\0802.Р.22-4\ТС\0802.Р.22-ТС.4. изм. 16.01.23\0802.Р.22-ТС.4 восстановленый №2.dwg,№2,19.01.2023 14:28:46,feden,_AutoCAD PDF (General Documentation).pc3,ISO без полей A3 (420.00 x 297.00 мм),1:1,
C:\Users\feden\OneDrive\Рабочий стол\0802.Р.22-4\ТС\0802.Р.22-ТС.4. изм. 16.01.23\0802.Р.22-ТС.4 восстановленый №2.dwg,А3,19.01.2023 14:28:51,feden,_AutoCAD PDF (General Documentation).pc3,ISO без полей A3 (420.00 x 297.00 мм),1:1,
C:\Users\feden\OneDrive\Рабочий стол\0802.Р.22-4\ТС\0802.Р.22-ТС.4. изм. 16.01.23\0802.Р.22-ТС.4 восстановленый №2.dwg,№4,19.01.2023 14:28:56,feden,_AutoCAD PDF (General Documentation).pc3,ISO без полей A3 (420.00 x 297.00 мм),1:1,
C:\Users\feden\OneDrive\Рабочий стол\0802.Р.22-4\ТС\0802.Р.22-ТС.4. изм. 16.01.23\0802.Р.22-ТС.4 восстановленый №2.dwg,Титульник,20.02.2023 11:13:55,feden,AutoCAD PDF (General Documentation).pc3,ISO без полей A4 (210.00 x 297.00 мм),1:1,
C:\Users\feden\OneDrive\Рабочий стол\0802.Р.22-4\ТС\0802.Р.22-ТС.4. изм. 16.01.23\0802.Р.22-ТС.4 восстановленый №2.dwg,общие данные,20.02.2023 11:13:56,feden,AutoCAD PDF (General Documentation).pc3,ISO без полей A2 (594.00 x 420.00 мм),1:1,
C:\Users\feden\OneDrive\Рабочий стол\0802.Р.22-4\ТС\0802.Р.22-ТС.4. изм. 16.01.23\0802.Р.22-ТС.4 восстановленый №2.dwg,план,20.02.2023 11:13:56,feden,AutoCAD PDF (General Documentation).pc3,ISO без полей A2 (594.00 x 420.00 мм),1:1,
C:\Users\feden\OneDrive\Рабочий стол\0802.Р.22-4\ТС\0802.Р.22-ТС.4. изм. 16.01.23\0802.Р.22-ТС.4 восстановленый №2.dwg,схема,20.02.2023 11:13:58,feden,AutoCAD PDF (General Documentation).pc3,ISO без полей A2 (594.00 x 420.00 мм),1:1,
C:\Users\feden\OneDrive\Рабочий стол\0802.Р.22-4\ТС\0802.Р.22-ТС.4. изм. 16.01.23\0802.Р.22-ТС.4 восстановленый №2.dwg,профиль,20.02.2023 11:13:59,feden,AutoCAD PDF (General Documentation).pc3,ISO без полей A2 (594.00 x 420.00 мм),1:1,
C:\Users\feden\OneDrive\Рабочий стол\0802.Р.22-4\ТС\0802.Р.22-ТС.4. изм. 16.01.23\тк-8018 (последний вариант.dwg,Лист1,20.02.2023 11:14:00,feden,AutoCAD PDF (General Documentation).pc3,ISO без полей A1 (841.00 x 594.00 мм),1:1,
C:\Users\feden\OneDrive\Рабочий стол\0802.Р.22-4\ТС\0802.Р.22-ТС.4. изм. 16.01.23\0802.Р.22-ТС.4 восстановленый №2.dwg,ковер №1,20.02.2023 11:14:02,feden,AutoCAD PDF (General Documentation).pc3,ISO без полей A2 (594.00 x 420.00 мм),1:1,
C:\Users\feden\OneDrive\Рабочий стол\0802.Р.22-4\ТС\0802.Р.22-ТС.4. изм. 16.01.23\0802.Р.22-ТС.4 восстановленый №2.dwg,компенсатор,20.02.2023 11:14:03,feden,AutoCAD PDF (General Documentation).pc3,ISO без полей A3 (420.00 x 297.00 мм),1:1,
C:\Users\feden\OneDrive\Рабочий стол\0802.Р.22-4\ТС\0802.Р.22-ТС.4. изм. 16.01.23\0802.Р.22-ТС.4 восстановленый №2.dwg,маты,20.02.2023 11:14:03,feden,AutoCAD PDF (General Documentation).pc3,ISO без полей A3 (420.00 x 297.00 мм),1:1,
C:\Users\feden\OneDrive\Рабочий стол\0802.Р.22-4\ТС\0802.Р.22-ТС.4. изм. 16.01.23\0802.Р.22-ТС.4 восстановленый №2.dwg,№1,20.02.2023 11:14:03,feden,AutoCAD PDF (General Documentation).pc3,ISO без полей A3 (420.00 x 297.00 мм),1:1,
C:\Users\feden\OneDrive\Рабочий стол\0802.Р.22-4\ТС\0802.Р.22-ТС.4. изм. 16.01.23\0802.Р.22-ТС.4 восстановленый №2.dwg,№2,20.02.2023 11:14:04,feden,AutoCAD PDF (General Documentation).pc3,ISO без полей A3 (420.00 x 297.00 мм),1:1,
C:\Users\feden\OneDrive\Рабочий стол\0802.Р.22-4\ТС\0802.Р.22-ТС.4. изм. 16.01.23\0802.Р.22-ТС.4 восстановленый №2.dwg,А3,20.02.2023 11:14:04,feden,AutoCAD PDF (General Documentation).pc3,ISO без полей A3 (420.00 x 297.00 мм),1:1,
C:\Users\feden\OneDrive\Рабочий стол\0802.Р.22-4\ТС\0802.Р.22-ТС.4. изм. 16.01.23\0802.Р.22-ТС.4 восстановленый №2.dwg,№4,20.02.2023 11:14:05,feden,AutoCAD PDF (General Documentation).pc3,ISO без полей A3 (420.00 x 297.00 мм),1:1,
